   Compiling cheetah v0.1.0 (/home/hayden/Cheetah)
warning: unreachable pattern
    --> src/compiler/stmt_non_recursive.rs:1247:17
     |
1247 |                 _ => {
     |                 ^ no value can reach this
     |
note: multiple earlier patterns match some of the same values
    --> src/compiler/stmt_non_recursive.rs:1247:17
     |
132  |                 StmtTask::Execute(stmt) => {
     |                 ----------------------- matches some of the same values
...
541  |                 StmtTask::ExecuteBlock { stmts, index } => {
     |                 --------------------------------------- matches some of the same values
...
565  |                 StmtTask::ProcessFor { target, body, orelse, iter } => {
     |                 --------------------------------------------------- matches some of the same values
...
777  |                 StmtTask::ProcessWhile { test, body, orelse } => {
     |                 --------------------------------------------- matches some of the same values
...
1247 |                 _ => {
     |                 ^ ...and 6 other patterns collectively make this unreachable
     = note: `#[warn(unreachable_patterns)]` on by default

warning: variant `ContinueLoop` is never constructed
  --> src/compiler/stmt_non_recursive.rs:52:5
   |
24 | enum StmtTask<'a, 'ctx> {
   |      -------- variant in this enum
...
52 |     ContinueLoop {
   |     ^^^^^^^^^^^^
   |
   = note: `#[warn(dead_code)]` on by default

warning: fields `builder`, `context`, and `module` are never read
  --> src/compiler/tail_call_optimizer.rs:10:5
   |
9  | pub struct TailCallOptimizer<'ctx> {
   |            ----------------- fields in this struct
10 |     builder: &'ctx Builder<'ctx>,
   |     ^^^^^^^
11 |     context: &'ctx Context,
   |     ^^^^^^^
12 |     module: &'ctx Module<'ctx>,
   |     ^^^^^^

warning: `cheetah` (lib) generated 3 warnings
    Finished `release` profile [optimized] target(s) in 14.85s
     Running `target/release/cheetah run examples/loop_unrolling_test.ch`
